<?xml version="1.0" encoding="UTF-8"?>
<testng-results ignored="0" total="1" passed="1" failed="0" skipped="0">
  <reporter-output>
  </reporter-output>
  <suite started-at="2023-09-08T17:33:53 IST" name="Default suite" finished-at="2023-09-08T17:33:58 IST" duration-ms="4522">
    <groups>
    </groups>
    <test started-at="2023-09-08T17:33:53 IST" name="Default test" finished-at="2023-09-08T17:33:58 IST" duration-ms="4522">
      <class name="com.practtest.tests.LoginTest">
        <test-method signature="loginTest()[pri:0, instance:com.practtest.tests.LoginTest@2d710f1a]" started-at="2023-09-08T17:33:53 IST" name="loginTest" finished-at="2023-09-08T17:33:58 IST" duration-ms="4480" status="PASS">
          <reporter-output>
          </reporter-output>
        </test-method> <!-- loginTest -->
      </class> <!-- com.practtest.tests.LoginTest -->
    </test> <!-- Default test -->
  </suite> <!-- Default suite -->
</testng-results>
